<?xml version="1.0" encoding="UTF-8"?>
<!-- Generated by org.testng.reporters.JUnitReportReporter -->
<testsuite hostname="DESKTOP-KHFPL78" failures="0" tests="1" name="runners.RunnerlassTestCase" time="13.967" errors="0" timestamp="2025-03-13T00:03:24 PDT" skipped="0">
  <testcase classname="runners.RunnerlassTestCase" name="runScenario" time="13.967"/>
</testsuite> <!-- runners.RunnerlassTestCase -->
