<?xml version="1.0" encoding="UTF-8"?>
<!-- Generated by org.testng.reporters.JUnitReportReporter -->
<testsuite hostname="DESKTOP-KHFPL78" failures="0" tests="1" name="com.ecommerce.testRunnerss.SearchTestRunner" time="38.415" errors="0" timestamp="2025-03-18T02:35:14 PDT" skipped="0">
  <testcase classname="com.ecommerce.testRunnerss.SearchTestRunner" name="runScenario" time="38.415"/>
</testsuite> <!-- com.ecommerce.testRunnerss.SearchTestRunner -->
