<?xml version="1.0" encoding="UTF-8"?>
<!-- Generated by org.testng.reporters.JUnitReportReporter -->
<testsuite hostname="DESKTOP-KHFPL78" failures="0" tests="8" name="com.ecommerce.testRunners.SearchTestRunner" time="232.616" errors="0" timestamp="2025-03-17T09:28:22 PDT" skipped="0">
  <testcase classname="com.ecommerce.testRunners.SearchTestRunner" name="runScenario" time="26.687"/>
  <testcase classname="com.ecommerce.testRunners.SearchTestRunner" name="runScenario" time="11.306"/>
  <testcase classname="com.ecommerce.testRunners.SearchTestRunner" name="runScenario" time="89.997"/>
  <testcase classname="com.ecommerce.testRunners.SearchTestRunner" name="runScenario" time="27.577"/>
  <testcase classname="com.ecommerce.testRunners.SearchTestRunner" name="runScenario" time="25.200"/>
  <testcase classname="com.ecommerce.testRunners.SearchTestRunner" name="runScenario" time="5.140"/>
  <testcase classname="com.ecommerce.testRunners.SearchTestRunner" name="runScenario" time="25.098"/>
  <testcase classname="com.ecommerce.testRunners.SearchTestRunner" name="runScenario" time="21.611"/>
</testsuite> <!-- com.ecommerce.testRunners.SearchTestRunner -->
