<?xml version="1.0" encoding="UTF-8"?>
<!-- Generated by org.testng.reporters.JUnitReportReporter -->
<testsuite hostname="DESKTOP-KHFPL78" failures="0" tests="1" name="runners.RediffRunnerTestCase" time="44.714" errors="0" timestamp="2025-03-11T04:30:17 PDT" skipped="0">
  <testcase classname="runners.RediffRunnerTestCase" name="runScenario" time="44.714"/>
</testsuite> <!-- runners.RediffRunnerTestCase -->
