<?xml version="1.0" encoding="UTF-8"?>
<!-- Generated by org.testng.reporters.JUnitReportReporter -->
<testsuite hostname="DESKTOP-KHFPL78" failures="0" tests="1" name="com.ecommerce.testRunners.CartTestRunner" time="23.521" errors="0" timestamp="2025-03-17T10:27:59 PDT" skipped="0">
  <testcase classname="com.ecommerce.testRunners.CartTestRunner" name="runScenario" time="23.521"/>
</testsuite> <!-- com.ecommerce.testRunners.CartTestRunner -->
