<?xml version="1.0" encoding="UTF-8"?>
<!-- Generated by org.testng.reporters.JUnitReportReporter -->
<testsuite hostname="DESKTOP-KHFPL78" failures="0" tests="5" name="com.ecommerce.testRunnerss.CheckoutTestRunner" time="339.075" errors="0" timestamp="2025-03-20T20:56:10 PDT" skipped="0">
  <testcase classname="com.ecommerce.testRunnerss.CheckoutTestRunner" name="runScenario" time="69.438"/>
  <testcase classname="com.ecommerce.testRunnerss.CheckoutTestRunner" name="runScenario" time="68.140"/>
  <testcase classname="com.ecommerce.testRunnerss.CheckoutTestRunner" name="runScenario" time="61.899"/>
  <testcase classname="com.ecommerce.testRunnerss.CheckoutTestRunner" name="runScenario" time="54.168"/>
  <testcase classname="com.ecommerce.testRunnerss.CheckoutTestRunner" name="runScenario" time="85.430"/>
</testsuite> <!-- com.ecommerce.testRunnerss.CheckoutTestRunner -->
