<?xml version="1.0" encoding="UTF-8"?>
<!-- Generated by org.testng.reporters.JUnitReportReporter -->
<testsuite hostname="DESKTOP-KHFPL78" failures="0" tests="26" name="com.ecommerce.testRunnerss.CucumberTestCase" time="1516.753" errors="0" timestamp="2025-03-21T14:47:28 IST" skipped="0">
  <testcase classname="com.ecommerce.testRunnerss.CucumberTestCase" name="runScenario" time="36.344"/>
  <testcase classname="com.ecommerce.testRunnerss.CucumberTestCase" name="runScenario" time="121.644"/>
  <testcase classname="com.ecommerce.testRunnerss.CucumberTestCase" name="runScenario" time="18.992"/>
  <testcase classname="com.ecommerce.testRunnerss.CucumberTestCase" name="runScenario" time="20.301"/>
  <testcase classname="com.ecommerce.testRunnerss.CucumberTestCase" name="runScenario" time="120.654"/>
  <testcase classname="com.ecommerce.testRunnerss.CucumberTestCase" name="runScenario" time="56.128"/>
  <testcase classname="com.ecommerce.testRunnerss.CucumberTestCase" name="runScenario" time="31.278"/>
  <testcase classname="com.ecommerce.testRunnerss.CucumberTestCase" name="runScenario" time="39.680"/>
  <testcase classname="com.ecommerce.testRunnerss.CucumberTestCase" name="runScenario" time="34.096"/>
  <testcase classname="com.ecommerce.testRunnerss.CucumberTestCase" name="runScenario" time="39.743"/>
  <testcase classname="com.ecommerce.testRunnerss.CucumberTestCase" name="runScenario" time="34.258"/>
  <testcase classname="com.ecommerce.testRunnerss.CucumberTestCase" name="runScenario" time="31.859"/>
  <testcase classname="com.ecommerce.testRunnerss.CucumberTestCase" name="runScenario" time="32.125"/>
  <testcase classname="com.ecommerce.testRunnerss.CucumberTestCase" name="runScenario" time="17.427"/>
  <testcase classname="com.ecommerce.testRunnerss.CucumberTestCase" name="runScenario" time="80.092"/>
  <testcase classname="com.ecommerce.testRunnerss.CucumberTestCase" name="runScenario" time="39.399"/>
  <testcase classname="com.ecommerce.testRunnerss.CucumberTestCase" name="runScenario" time="38.620"/>
  <testcase classname="com.ecommerce.testRunnerss.CucumberTestCase" name="runScenario" time="26.754"/>
  <testcase classname="com.ecommerce.testRunnerss.CucumberTestCase" name="runScenario" time="69.981"/>
  <testcase classname="com.ecommerce.testRunnerss.CucumberTestCase" name="runScenario" time="231.643"/>
  <testcase classname="com.ecommerce.testRunnerss.CucumberTestCase" name="runScenario" time="23.775"/>
  <testcase classname="com.ecommerce.testRunnerss.CucumberTestCase" name="runScenario" time="37.637"/>
  <testcase classname="com.ecommerce.testRunnerss.CucumberTestCase" name="runScenario" time="67.252"/>
  <testcase classname="com.ecommerce.testRunnerss.CucumberTestCase" name="runScenario" time="200.947"/>
  <testcase classname="com.ecommerce.testRunnerss.CucumberTestCase" name="runScenario" time="40.034"/>
  <testcase classname="com.ecommerce.testRunnerss.CucumberTestCase" name="runScenario" time="26.090"/>
</testsuite> <!-- com.ecommerce.testRunnerss.CucumberTestCase -->
