<?xml version="1.0" encoding="UTF-8"?>
<!-- Generated by org.testng.reporters.JUnitReportReporter -->
<testsuite hostname="DESKTOP-KHFPL78" failures="0" tests="26" name="com.ecommerce.testRunnerss.CucumberTestRunner" time="973.248" errors="0" timestamp="2025-03-20T21:21:04 PDT" skipped="0">
  <testcase classname="com.ecommerce.testRunnerss.CucumberTestRunner" name="runScenario" time="35.525"/>
  <testcase classname="com.ecommerce.testRunnerss.CucumberTestRunner" name="runScenario" time="39.665"/>
  <testcase classname="com.ecommerce.testRunnerss.CucumberTestRunner" name="runScenario" time="48.899"/>
  <testcase classname="com.ecommerce.testRunnerss.CucumberTestRunner" name="runScenario" time="34.326"/>
  <testcase classname="com.ecommerce.testRunnerss.CucumberTestRunner" name="runScenario" time="21.346"/>
  <testcase classname="com.ecommerce.testRunnerss.CucumberTestRunner" name="runScenario" time="36.925"/>
  <testcase classname="com.ecommerce.testRunnerss.CucumberTestRunner" name="runScenario" time="27.286"/>
  <testcase classname="com.ecommerce.testRunnerss.CucumberTestRunner" name="runScenario" time="19.839"/>
  <testcase classname="com.ecommerce.testRunnerss.CucumberTestRunner" name="runScenario" time="19.229"/>
  <testcase classname="com.ecommerce.testRunnerss.CucumberTestRunner" name="runScenario" time="37.868"/>
  <testcase classname="com.ecommerce.testRunnerss.CucumberTestRunner" name="runScenario" time="31.963"/>
  <testcase classname="com.ecommerce.testRunnerss.CucumberTestRunner" name="runScenario" time="36.988"/>
  <testcase classname="com.ecommerce.testRunnerss.CucumberTestRunner" name="runScenario" time="64.931"/>
  <testcase classname="com.ecommerce.testRunnerss.CucumberTestRunner" name="runScenario" time="30.318"/>
  <testcase classname="com.ecommerce.testRunnerss.CucumberTestRunner" name="runScenario" time="35.069"/>
  <testcase classname="com.ecommerce.testRunnerss.CucumberTestRunner" name="runScenario" time="94.573"/>
  <testcase classname="com.ecommerce.testRunnerss.CucumberTestRunner" name="runScenario" time="22.469"/>
  <testcase classname="com.ecommerce.testRunnerss.CucumberTestRunner" name="runScenario" time="63.386"/>
  <testcase classname="com.ecommerce.testRunnerss.CucumberTestRunner" name="runScenario" time="51.199"/>
  <testcase classname="com.ecommerce.testRunnerss.CucumberTestRunner" name="runScenario" time="34.694"/>
  <testcase classname="com.ecommerce.testRunnerss.CucumberTestRunner" name="runScenario" time="18.372"/>
  <testcase classname="com.ecommerce.testRunnerss.CucumberTestRunner" name="runScenario" time="57.772"/>
  <testcase classname="com.ecommerce.testRunnerss.CucumberTestRunner" name="runScenario" time="29.846"/>
  <testcase classname="com.ecommerce.testRunnerss.CucumberTestRunner" name="runScenario" time="28.105"/>
  <testcase classname="com.ecommerce.testRunnerss.CucumberTestRunner" name="runScenario" time="23.646"/>
  <testcase classname="com.ecommerce.testRunnerss.CucumberTestRunner" name="runScenario" time="29.009"/>
</testsuite> <!-- com.ecommerce.testRunnerss.CucumberTestRunner -->
