<?xml version="1.0" encoding="UTF-8"?>
<!-- Generated by org.testng.reporters.JUnitReportReporter -->
<testsuite hostname="DESKTOP-KHFPL78" failures="0" tests="3" name="com.ecommerce.testRunnerss.CalTestRunner" time="29.103" errors="0" timestamp="2025-03-18T06:08:45 PDT" skipped="0">
  <testcase classname="com.ecommerce.testRunnerss.CalTestRunner" name="runScenario" time="8.967"/>
  <testcase classname="com.ecommerce.testRunnerss.CalTestRunner" name="runScenario" time="11.376"/>
  <testcase classname="com.ecommerce.testRunnerss.CalTestRunner" name="runScenario" time="8.760"/>
</testsuite> <!-- com.ecommerce.testRunnerss.CalTestRunner -->
