<?xml version="1.0" encoding="UTF-8"?>
<!-- Generated by org.testng.reporters.JUnitReportReporter -->
<testsuite hostname="DESKTOP-KHFPL78" failures="0" tests="1" name="com.ecommerce.testRunnerss.CartTestRunner" time="24.861" errors="0" timestamp="2025-03-20T09:58:59 PDT" skipped="0">
  <testcase classname="com.ecommerce.testRunnerss.CartTestRunner" name="runScenario" time="24.861"/>
</testsuite> <!-- com.ecommerce.testRunnerss.CartTestRunner -->
