<?xml version="1.0" encoding="UTF-8"?>
<!-- Generated by org.testng.reporters.JUnitReportReporter -->
<testsuite hostname="DESKTOP-KHFPL78" failures="0" tests="1" name="runners.RediffRunner" time="54.147" errors="0" timestamp="2025-03-11T03:09:35 PDT" skipped="0">
  <testcase classname="runners.RediffRunner" name="runScenario" time="54.147"/>
</testsuite> <!-- runners.RediffRunner -->
